# JRE version: OpenJDK Runtime Environment (Zulu 8.52.0.23-CA-win64) (8.0_282-b08) (build 1.8.0_282-b08)
# Java VM: OpenJDK 64-Bit Server VM (25.282-b08 mixed mode windows-amd64 compressed oops)
Heap:
 PSYoungGen      total 171520K, used 53866K [0x00000000d5580000, 0x00000000e0c00000, 0x0000000100000000)
  eden space 163840K, 28% used [0x00000000d5580000,0x00000000d829bf90,0x00000000df580000)
  from space 7680K, 99% used [0x00000000e0000000,0x00000000e077e9c0,0x00000000e0780000)
  to   space 10752K, 0% used [0x00000000df580000,0x00000000df580000,0x00000000e0000000)
 ParOldGen       total 36864K, used 15584K [0x0000000080000000, 0x0000000082400000, 0x00000000d5580000)
  object space 36864K, 42% used [0x0000000080000000,0x0000000080f38288,0x0000000082400000)
 Metaspace       used 30594K, capacity 31458K, committed 31616K, reserved 1077248K
  class space    used 3635K, capacity 3878K, committed 3968K, reserved 1048576K
GC Heap History (10 events):
Event: 4.044 GC heap before
{Heap before GC invocations=7 (full 0):
 PSYoungGen      total 69632K, used 69211K [0x00000000d5580000, 0x00000000d9f80000, 0x0000000100000000)
  eden space 65024K, 100% used [0x00000000d5580000,0x00000000d9500000,0x00000000d9500000)
  from space 4608K, 90% used [0x00000000d9a00000,0x00000000d9e16d58,0x00000000d9e80000)
  to   space 5120K, 0% used [0x00000000d9500000,0x00000000d9500000,0x00000000d9a00000)
 ParOldGen       total 44032K, used 3701K [0x0000000080000000, 0x0000000082b00000, 0x00000000d5580000)
  object space 44032K, 8% used [0x0000000080000000,0x000000008039d4e0,0x0000000082b00000)
 Metaspace       used 17818K, capacity 18080K, committed 18560K, reserved 1064960K
  class space    used 1942K, capacity 2068K, committed 2176K, reserved 1048576K
Event: 4.059 GC heap after
Heap after GC invocations=7 (full 0):
 PSYoungGen      total 70144K, used 5114K [0x00000000d5580000, 0x00000000de280000, 0x0000000100000000)
  eden space 65024K, 0% used [0x00000000d5580000,0x00000000d5580000,0x00000000d9500000)
  from space 5120K, 99% used [0x00000000d9500000,0x00000000d99fea08,0x00000000d9a00000)
  to   space 7168K, 0% used [0x00000000ddb80000,0x00000000ddb80000,0x00000000de280000)
 ParOldGen       total 44032K, used 6303K [0x0000000080000000, 0x0000000082b00000, 0x00000000d5580000)
  object space 44032K, 14% used [0x0000000080000000,0x0000000080627e10,0x0000000082b00000)
 Metaspace       used 17818K, capacity 18080K, committed 18560K, reserved 1064960K
  class space    used 1942K, capacity 2068K, committed 2176K, reserved 1048576K
}
Event: 5.047 GC heap before
{Heap before GC invocations=8 (full 0):
 PSYoungGen      total 70144K, used 56977K [0x00000000d5580000, 0x00000000de280000, 0x0000000100000000)
  eden space 65024K, 79% used [0x00000000d5580000,0x00000000d8825d60,0x00000000d9500000)
  from space 5120K, 99% used [0x00000000d9500000,0x00000000d99fea08,0x00000000d9a00000)
  to   space 7168K, 0% used [0x00000000ddb80000,0x00000000ddb80000,0x00000000de280000)
 ParOldGen       total 44032K, used 6303K [0x0000000080000000, 0x0000000082b00000, 0x00000000d5580000)
  object space 44032K, 14% used [0x0000000080000000,0x0000000080627e10,0x0000000082b00000)
 Metaspace       used 20786K, capacity 21068K, committed 21296K, reserved 1069056K
  class space    used 2308K, capacity 2422K, committed 2432K, reserved 1048576K
Event: 5.061 GC heap after
Heap after GC invocations=8 (full 0):
 PSYoungGen      total 136704K, used 6273K [0x00000000d5580000, 0x00000000de380000, 0x0000000100000000)
  eden space 129536K, 0% used [0x00000000d5580000,0x00000000d5580000,0x00000000dd400000)
  from space 7168K, 87% used [0x00000000ddb80000,0x00000000de1a0550,0x00000000de280000)
  to   space 7680K, 0% used [0x00000000dd400000,0x00000000dd400000,0x00000000ddb80000)
 ParOldGen       total 44032K, used 7383K [0x0000000080000000, 0x0000000082b00000, 0x00000000d5580000)
  object space 44032K, 16% used [0x0000000080000000,0x0000000080735e30,0x0000000082b00000)
 Metaspace       used 20786K, capacity 21068K, committed 21296K, reserved 1069056K
  class space    used 2308K, capacity 2422K, committed 2432K, reserved 1048576K
}
Event: 5.061 GC heap before
{Heap before GC invocations=9 (full 1):
 PSYoungGen      total 136704K, used 6273K [0x00000000d5580000, 0x00000000de380000, 0x0000000100000000)
  eden space 129536K, 0% used [0x00000000d5580000,0x00000000d5580000,0x00000000dd400000)
  from space 7168K, 87% used [0x00000000ddb80000,0x00000000de1a0550,0x00000000de280000)
  to   space 7680K, 0% used [0x00000000dd400000,0x00000000dd400000,0x00000000ddb80000)
 ParOldGen       total 44032K, used 7383K [0x0000000080000000, 0x0000000082b00000, 0x00000000d5580000)
  object space 44032K, 16% used [0x0000000080000000,0x0000000080735e30,0x0000000082b00000)
 Metaspace       used 20786K, capacity 21068K, committed 21296K, reserved 1069056K
  class space    used 2308K, capacity 2422K, committed 2432K, reserved 1048576K
Event: 5.127 GC heap after
Heap after GC invocations=9 (full 1):
 PSYoungGen      total 136704K, used 0K [0x00000000d5580000, 0x00000000de380000, 0x0000000100000000)
  eden space 129536K, 0% used [0x00000000d5580000,0x00000000d5580000,0x00000000dd400000)
  from space 7168K, 0% used [0x00000000ddb80000,0x00000000ddb80000,0x00000000de280000)
  to   space 7680K, 0% used [0x00000000dd400000,0x00000000dd400000,0x00000000ddb80000)
 ParOldGen       total 36864K, used 9587K [0x0000000080000000, 0x0000000082400000, 0x00000000d5580000)
  object space 36864K, 26% used [0x0000000080000000,0x000000008095cfd0,0x0000000082400000)
 Metaspace       used 20786K, capacity 21068K, committed 21296K, reserved 1069056K
  class space    used 2308K, capacity 2422K, committed 2432K, reserved 1048576K
}
Event: 6.418 GC heap before
{Heap before GC invocations=10 (full 1):
 PSYoungGen      total 136704K, used 129536K [0x00000000d5580000, 0x00000000de380000, 0x0000000100000000)
  eden space 129536K, 100% used [0x00000000d5580000,0x00000000dd400000,0x00000000dd400000)
  from space 7168K, 0% used [0x00000000ddb80000,0x00000000ddb80000,0x00000000de280000)
  to   space 7680K, 0% used [0x00000000dd400000,0x00000000dd400000,0x00000000ddb80000)
 ParOldGen       total 36864K, used 9587K [0x0000000080000000, 0x0000000082400000, 0x00000000d5580000)
  object space 36864K, 26% used [0x0000000080000000,0x000000008095cfd0,0x0000000082400000)
 Metaspace       used 22153K, capacity 22456K, committed 22704K, reserved 1069056K
  class space    used 2425K, capacity 2541K, committed 2560K, reserved 1048576K
Event: 6.423 GC heap after
Heap after GC invocations=10 (full 1):
 PSYoungGen      total 137216K, used 2688K [0x00000000d5580000, 0x00000000e0780000, 0x0000000100000000)
  eden space 129536K, 0% used [0x00000000d5580000,0x00000000d5580000,0x00000000dd400000)
  from space 7680K, 35% used [0x00000000dd400000,0x00000000dd6a03b8,0x00000000ddb80000)
  to   space 7680K, 0% used [0x00000000e0000000,0x00000000e0000000,0x00000000e0780000)
 ParOldGen       total 36864K, used 9587K [0x0000000080000000, 0x0000000082400000, 0x00000000d5580000)
  object space 36864K, 26% used [0x0000000080000000,0x000000008095cfd0,0x0000000082400000)
 Metaspace       used 22153K, capacity 22456K, committed 22704K, reserved 1069056K
  class space    used 2425K, capacity 2541K, committed 2560K, reserved 1048576K
}
Event: 11.674 GC heap before
{Heap before GC invocations=11 (full 1):
 PSYoungGen      total 137216K, used 132224K [0x00000000d5580000, 0x00000000e0780000, 0x0000000100000000)
  eden space 129536K, 100% used [0x00000000d5580000,0x00000000dd400000,0x00000000dd400000)
  from space 7680K, 35% used [0x00000000dd400000,0x00000000dd6a03b8,0x00000000ddb80000)
  to   space 7680K, 0% used [0x00000000e0000000,0x00000000e0000000,0x00000000e0780000)
 ParOldGen       total 36864K, used 9587K [0x0000000080000000, 0x0000000082400000, 0x00000000d5580000)
  object space 36864K, 26% used [0x0000000080000000,0x000000008095cfd0,0x0000000082400000)
 Metaspace       used 29596K, capacity 30392K, committed 30720K, reserved 1077248K
  class space    used 3508K, capacity 3741K, committed 3840K, reserved 1048576K
Event: 11.720 GC heap after
Heap after GC invocations=11 (full 1):
 PSYoungGen      total 171520K, used 7674K [0x00000000d5580000, 0x00000000e0c00000, 0x0000000100000000)
  eden space 163840K, 0% used [0x00000000d5580000,0x00000000d5580000,0x00000000df580000)
  from space 7680K, 99% used [0x00000000e0000000,0x00000000e077e9c0,0x00000000e0780000)
  to   space 10752K, 0% used [0x00000000df580000,0x00000000df580000,0x00000000e0000000)
 ParOldGen       total 36864K, used 15584K [0x0000000080000000, 0x0000000082400000, 0x00000000d5580000)
  object space 36864K, 42% used [0x0000000080000000,0x0000000080f38288,0x0000000082400000)
 Metaspace       used 29596K, capacity 30392K, committed 30720K, reserved 1077248K
  class space    used 3508K, capacity 3741K, committed 3840K, reserved 1048576K
}

