# JRE version: OpenJDK Runtime Environment (Zulu 8.52.0.23-CA-win64) (8.0_282-b08) (build 1.8.0_282-b08)
# Java VM: OpenJDK 64-Bit Server VM (25.282-b08 mixed mode windows-amd64 compressed oops)
Heap:
 PSYoungGen      total 170496K, used 53582K [0x00000000d5580000, 0x00000000e0a00000, 0x0000000100000000)
  eden space 162816K, 28% used [0x00000000d5580000,0x00000000d8255008,0x00000000df480000)
  from space 7680K, 99% used [0x00000000dff00000,0x00000000e067e9c0,0x00000000e0680000)
  to   space 10752K, 0% used [0x00000000df480000,0x00000000df480000,0x00000000dff00000)
 ParOldGen       total 36864K, used 15512K [0x0000000080000000, 0x0000000082400000, 0x00000000d5580000)
  object space 36864K, 42% used [0x0000000080000000,0x0000000080f260d0,0x0000000082400000)
 Metaspace       used 30596K, capacity 31460K, committed 31616K, reserved 1077248K
  class space    used 3639K, capacity 3879K, committed 3968K, reserved 1048576K
GC Heap History (10 events):
Event: 4.079 GC heap before
{Heap before GC invocations=7 (full 0):
 PSYoungGen      total 69632K, used 69230K [0x00000000d5580000, 0x00000000d9f80000, 0x0000000100000000)
  eden space 65024K, 100% used [0x00000000d5580000,0x00000000d9500000,0x00000000d9500000)
  from space 4608K, 91% used [0x00000000d9a00000,0x00000000d9e1b880,0x00000000d9e80000)
  to   space 5120K, 0% used [0x00000000d9500000,0x00000000d9500000,0x00000000d9a00000)
 ParOldGen       total 44032K, used 3671K [0x0000000080000000, 0x0000000082b00000, 0x00000000d5580000)
  object space 44032K, 8% used [0x0000000080000000,0x0000000080395f70,0x0000000082b00000)
 Metaspace       used 17861K, capacity 18144K, committed 18560K, reserved 1064960K
  class space    used 1951K, capacity 2068K, committed 2176K, reserved 1048576K
Event: 4.092 GC heap after
Heap after GC invocations=7 (full 0):
 PSYoungGen      total 70144K, used 5109K [0x00000000d5580000, 0x00000000de280000, 0x0000000100000000)
  eden space 65024K, 0% used [0x00000000d5580000,0x00000000d5580000,0x00000000d9500000)
  from space 5120K, 99% used [0x00000000d9500000,0x00000000d99fd418,0x00000000d9a00000)
  to   space 7168K, 0% used [0x00000000ddb80000,0x00000000ddb80000,0x00000000de280000)
 ParOldGen       total 44032K, used 6351K [0x0000000080000000, 0x0000000082b00000, 0x00000000d5580000)
  object space 44032K, 14% used [0x0000000080000000,0x0000000080633da0,0x0000000082b00000)
 Metaspace       used 17861K, capacity 18144K, committed 18560K, reserved 1064960K
  class space    used 1951K, capacity 2068K, committed 2176K, reserved 1048576K
}
Event: 5.062 GC heap before
{Heap before GC invocations=8 (full 0):
 PSYoungGen      total 70144K, used 55680K [0x00000000d5580000, 0x00000000de280000, 0x0000000100000000)
  eden space 65024K, 77% used [0x00000000d5580000,0x00000000d86e2ec8,0x00000000d9500000)
  from space 5120K, 99% used [0x00000000d9500000,0x00000000d99fd418,0x00000000d9a00000)
  to   space 7168K, 0% used [0x00000000ddb80000,0x00000000ddb80000,0x00000000de280000)
 ParOldGen       total 44032K, used 6351K [0x0000000080000000, 0x0000000082b00000, 0x00000000d5580000)
  object space 44032K, 14% used [0x0000000080000000,0x0000000080633da0,0x0000000082b00000)
 Metaspace       used 20732K, capacity 21004K, committed 21296K, reserved 1069056K
  class space    used 2308K, capacity 2422K, committed 2432K, reserved 1048576K
Event: 5.077 GC heap after
Heap after GC invocations=8 (full 0):
 PSYoungGen      total 136704K, used 6120K [0x00000000d5580000, 0x00000000de380000, 0x0000000100000000)
  eden space 129536K, 0% used [0x00000000d5580000,0x00000000d5580000,0x00000000dd400000)
  from space 7168K, 85% used [0x00000000ddb80000,0x00000000de17a120,0x00000000de280000)
  to   space 7680K, 0% used [0x00000000dd400000,0x00000000dd400000,0x00000000ddb80000)
 ParOldGen       total 44032K, used 7479K [0x0000000080000000, 0x0000000082b00000, 0x00000000d5580000)
  object space 44032K, 16% used [0x0000000080000000,0x000000008074ddc0,0x0000000082b00000)
 Metaspace       used 20732K, capacity 21004K, committed 21296K, reserved 1069056K
  class space    used 2308K, capacity 2422K, committed 2432K, reserved 1048576K
}
Event: 5.077 GC heap before
{Heap before GC invocations=9 (full 1):
 PSYoungGen      total 136704K, used 6120K [0x00000000d5580000, 0x00000000de380000, 0x0000000100000000)
  eden space 129536K, 0% used [0x00000000d5580000,0x00000000d5580000,0x00000000dd400000)
  from space 7168K, 85% used [0x00000000ddb80000,0x00000000de17a120,0x00000000de280000)
  to   space 7680K, 0% used [0x00000000dd400000,0x00000000dd400000,0x00000000ddb80000)
 ParOldGen       total 44032K, used 7479K [0x0000000080000000, 0x0000000082b00000, 0x00000000d5580000)
  object space 44032K, 16% used [0x0000000080000000,0x000000008074ddc0,0x0000000082b00000)
 Metaspace       used 20732K, capacity 21004K, committed 21296K, reserved 1069056K
  class space    used 2308K, capacity 2422K, committed 2432K, reserved 1048576K
Event: 5.148 GC heap after
Heap after GC invocations=9 (full 1):
 PSYoungGen      total 136704K, used 0K [0x00000000d5580000, 0x00000000de380000, 0x0000000100000000)
  eden space 129536K, 0% used [0x00000000d5580000,0x00000000d5580000,0x00000000dd400000)
  from space 7168K, 0% used [0x00000000ddb80000,0x00000000ddb80000,0x00000000de280000)
  to   space 7680K, 0% used [0x00000000dd400000,0x00000000dd400000,0x00000000ddb80000)
 ParOldGen       total 36864K, used 9513K [0x0000000080000000, 0x0000000082400000, 0x00000000d5580000)
  object space 36864K, 25% used [0x0000000080000000,0x000000008094a5f0,0x0000000082400000)
 Metaspace       used 20732K, capacity 21004K, committed 21296K, reserved 1069056K
  class space    used 2308K, capacity 2422K, committed 2432K, reserved 1048576K
}
Event: 6.544 GC heap before
{Heap before GC invocations=10 (full 1):
 PSYoungGen      total 136704K, used 129536K [0x00000000d5580000, 0x00000000de380000, 0x0000000100000000)
  eden space 129536K, 100% used [0x00000000d5580000,0x00000000dd400000,0x00000000dd400000)
  from space 7168K, 0% used [0x00000000ddb80000,0x00000000ddb80000,0x00000000de280000)
  to   space 7680K, 0% used [0x00000000dd400000,0x00000000dd400000,0x00000000ddb80000)
 ParOldGen       total 36864K, used 9513K [0x0000000080000000, 0x0000000082400000, 0x00000000d5580000)
  object space 36864K, 25% used [0x0000000080000000,0x000000008094a5f0,0x0000000082400000)
 Metaspace       used 22143K, capacity 22456K, committed 22704K, reserved 1069056K
  class space    used 2427K, capacity 2541K, committed 2560K, reserved 1048576K
Event: 6.551 GC heap after
Heap after GC invocations=10 (full 1):
 PSYoungGen      total 137216K, used 2658K [0x00000000d5580000, 0x00000000e0680000, 0x0000000100000000)
  eden space 129536K, 0% used [0x00000000d5580000,0x00000000d5580000,0x00000000dd400000)
  from space 7680K, 34% used [0x00000000dd400000,0x00000000dd698b90,0x00000000ddb80000)
  to   space 7680K, 0% used [0x00000000dff00000,0x00000000dff00000,0x00000000e0680000)
 ParOldGen       total 36864K, used 9521K [0x0000000080000000, 0x0000000082400000, 0x00000000d5580000)
  object space 36864K, 25% used [0x0000000080000000,0x000000008094c5f0,0x0000000082400000)
 Metaspace       used 22143K, capacity 22456K, committed 22704K, reserved 1069056K
  class space    used 2427K, capacity 2541K, committed 2560K, reserved 1048576K
}
Event: 11.733 GC heap before
{Heap before GC invocations=11 (full 1):
 PSYoungGen      total 137216K, used 132194K [0x00000000d5580000, 0x00000000e0680000, 0x0000000100000000)
  eden space 129536K, 100% used [0x00000000d5580000,0x00000000dd400000,0x00000000dd400000)
  from space 7680K, 34% used [0x00000000dd400000,0x00000000dd698b90,0x00000000ddb80000)
  to   space 7680K, 0% used [0x00000000dff00000,0x00000000dff00000,0x00000000e0680000)
 ParOldGen       total 36864K, used 9521K [0x0000000080000000, 0x0000000082400000, 0x00000000d5580000)
  object space 36864K, 25% used [0x0000000080000000,0x000000008094c5f0,0x0000000082400000)
 Metaspace       used 29601K, capacity 30426K, committed 30720K, reserved 1077248K
  class space    used 3513K, capacity 3774K, committed 3840K, reserved 1048576K
Event: 11.766 GC heap after
Heap after GC invocations=11 (full 1):
 PSYoungGen      total 170496K, used 7674K [0x00000000d5580000, 0x00000000e0a00000, 0x0000000100000000)
  eden space 162816K, 0% used [0x00000000d5580000,0x00000000d5580000,0x00000000df480000)
  from space 7680K, 99% used [0x00000000dff00000,0x00000000e067e9c0,0x00000000e0680000)
  to   space 10752K, 0% used [0x00000000df480000,0x00000000df480000,0x00000000dff00000)
 ParOldGen       total 36864K, used 15512K [0x0000000080000000, 0x0000000082400000, 0x00000000d5580000)
  object space 36864K, 42% used [0x0000000080000000,0x0000000080f260d0,0x0000000082400000)
 Metaspace       used 29601K, capacity 30426K, committed 30720K, reserved 1077248K
  class space    used 3513K, capacity 3774K, committed 3840K, reserved 1048576K
}

